================================================================================
INSTALL FIXED COLMAP DATASET INTO NeX/dataset
================================================================================
DATE: Sun Jul  5 14:11:12 CEST 2026
PWD: /home/vivekfei/EXP/NeX
SRC=/home/vivekfei/EXP/FIXED_COLMAP_FROM_D332/__NEX_READY_UNDISTORTED__
DST=/home/vivekfei/EXP/NeX/dataset

1) CHECK SOURCE

SOURCE === CanClip ===
30
cameras.bin=OK
images.bin=OK
points3D.bin=OK

SOURCE === flower ===
34
cameras.bin=OK
images.bin=OK
points3D.bin=OK

SOURCE === fortress ===
42
cameras.bin=OK
images.bin=OK
points3D.bin=OK

SOURCE === horns ===
62
cameras.bin=OK
images.bin=OK
points3D.bin=OK

SOURCE === Ollie ===
40
cameras.bin=OK
images.bin=OK
points3D.bin=OK

SOURCE === room ===
41
cameras.bin=OK
images.bin=OK
points3D.bin=OK

SOURCE === trex ===
55
cameras.bin=OK
images.bin=OK
points3D.bin=OK

2) BACKUP OLD dataset/

3) COPY FIXED SCENES INTO dataset/

COPY === CanClip ===

COPY === flower ===

COPY === fortress ===

COPY === horns ===

COPY === Ollie ===

COPY === room ===

COPY === trex ===

4) FINAL VERIFY
================================================================================

=== CanClip ===
images=30
dense/sparse/cameras.bin=OK
dense/sparse/images.bin=OK
dense/sparse/points3D.bin=OK
sparse/0/cameras.bin=OK
sparse/0/images.bin=OK
sparse/0/points3D.bin=OK

=== flower ===
images=34
dense/sparse/cameras.bin=OK
dense/sparse/images.bin=OK
dense/sparse/points3D.bin=OK
sparse/0/cameras.bin=OK
sparse/0/images.bin=OK
sparse/0/points3D.bin=OK

=== fortress ===
images=42
dense/sparse/cameras.bin=OK
dense/sparse/images.bin=OK
dense/sparse/points3D.bin=OK
sparse/0/cameras.bin=OK
sparse/0/images.bin=OK
sparse/0/points3D.bin=OK

=== horns ===
images=62
dense/sparse/cameras.bin=OK
dense/sparse/images.bin=OK
dense/sparse/points3D.bin=OK
sparse/0/cameras.bin=OK
sparse/0/images.bin=OK
sparse/0/points3D.bin=OK

=== Ollie ===
images=40
dense/sparse/cameras.bin=OK
dense/sparse/images.bin=OK
dense/sparse/points3D.bin=OK
sparse/0/cameras.bin=OK
sparse/0/images.bin=OK
sparse/0/points3D.bin=OK

=== room ===
images=41
dense/sparse/cameras.bin=OK
dense/sparse/images.bin=OK
dense/sparse/points3D.bin=OK
sparse/0/cameras.bin=OK
sparse/0/images.bin=OK
sparse/0/points3D.bin=OK

=== trex ===
images=55
dense/sparse/cameras.bin=OK
dense/sparse/images.bin=OK
dense/sparse/points3D.bin=OK
sparse/0/cameras.bin=OK
sparse/0/images.bin=OK
sparse/0/points3D.bin=OK

5) FINAL DATASET TREE LEVEL 3
/home/vivekfei/EXP/NeX/dataset
в”њв”Ђв”Ђ CanClip
в”‚В В  в”њв”Ђв”Ђ BEST_SPARSE_MODEL.txt
в”‚В В  в”њв”Ђв”Ђ dense
в”‚В В  в”‚В В  в””в”Ђв”Ђ sparse
в”‚В В  в”њв”Ђв”Ђ images
в”‚В В  в”‚В В  в”њв”Ђв”Ђ img001.png
в”‚В В  в”‚В В  в”њв”Ђв”Ђ img002.png
в”‚В В  в”‚В В  в”њв”Ђв”Ђ img003.png
в”‚В В  в”‚В В  в”њв”Ђв”Ђ img004.png
в”‚В В  в”‚В В  в”њв”Ђв”Ђ img005.png
в”‚В В  в”‚В В  в”њв”Ђв”Ђ img006.png
в”‚В В  в”‚В В  в”њв”Ђв”Ђ img007.png
в”‚В В  в”‚В В  в”њв”Ђв”Ђ img008.png
в”‚В В  в”‚В В  в”њв”Ђв”Ђ img009.png
в”‚В В  в”‚В В  в”њв”Ђв”Ђ img010.png
в”‚В В  в”‚В В  в”њв”Ђв”Ђ img011.png
в”‚В В  в”‚В В  в”њв”Ђв”Ђ img012.png
в”‚В В  в”‚В В  в”њв”Ђв”Ђ img013.png
в”‚В В  в”‚В В  в”њв”Ђв”Ђ img014.png
в”‚В В  в”‚В В  в”њв”Ђв”Ђ img015.png
в”‚В В  в”‚В В  в”њв”Ђв”Ђ img016.png
в”‚В В  в”‚В В  в”њв”Ђв”Ђ img017.png
в”‚В В  в”‚В В  в”њв”Ђв”Ђ img018.png
в”‚В В  в”‚В В  в”њв”Ђв”Ђ img019.png
в”‚В В  в”‚В В  в”њв”Ђв”Ђ img020.png
в”‚В В  в”‚В В  в”њв”Ђв”Ђ img021.png
в”‚В В  в”‚В В  в”њв”Ђв”Ђ img022.png
в”‚В В  в”‚В В  в”њв”Ђв”Ђ img023.png
в”‚В В  в”‚В В  в”њв”Ђв”Ђ img024.png
в”‚В В  в”‚В В  в”њв”Ђв”Ђ img025.png
в”‚В В  в”‚В В  в”њв”Ђв”Ђ img026.png
в”‚В В  в”‚В В  в”њв”Ђв”Ђ img027.png
в”‚В В  в”‚В В  в”њв”Ђв”Ђ img028.png
в”‚В В  в”‚В В  в”њв”Ђв”Ђ img029.png
в”‚В В  в”‚В В  в””в”Ђв”Ђ img030.png
в”‚В В  в””в”Ђв”Ђ sparse
в”‚В В      в””в”Ђв”Ђ 0
в”њв”Ђв”Ђ flower
в”‚В В  в”њв”Ђв”Ђ BEST_SPARSE_MODEL.txt
в”‚В В  в”њв”Ђв”Ђ dense
в”‚В В  в”‚В В  в””в”Ђв”Ђ sparse
в”‚В В  в”њв”Ђв”Ђ images
в”‚В В  в”‚В В  в”њв”Ђв”Ђ img001.JPG
в”‚В В  в”‚В В  в”њв”Ђв”Ђ img002.JPG
в”‚В В  в”‚В В  в”њв”Ђв”Ђ img003.JPG
в”‚В В  в”‚В В  в”њв”Ђв”Ђ img004.JPG
в”‚В В  в”‚В В  в”њв”Ђв”Ђ img005.JPG
в”‚В В  в”‚В В  в”њв”Ђв”Ђ img006.JPG
в”‚В В  в”‚В В  в”њв”Ђв”Ђ img007.JPG
в”‚В В  в”‚В В  в”њв”Ђв”Ђ img008.JPG
в”‚В В  в”‚В В  в”њв”Ђв”Ђ img009.JPG
в”‚В В  в”‚В В  в”њв”Ђв”Ђ img010.JPG
в”‚В В  в”‚В В  в”њв”Ђв”Ђ img011.JPG
в”‚В В  в”‚В В  в”њв”Ђв”Ђ img012.JPG
в”‚В В  в”‚В В  в”њв”Ђв”Ђ img013.JPG
в”‚В В  в”‚В В  в”њв”Ђв”Ђ img014.JPG
в”‚В В  в”‚В В  в”њв”Ђв”Ђ img015.JPG
в”‚В В  в”‚В В  в”њв”Ђв”Ђ img016.JPG
в”‚В В  в”‚В В  в”њв”Ђв”Ђ img017.JPG
в”‚В В  в”‚В В  в”њв”Ђв”Ђ img018.JPG
в”‚В В  в”‚В В  в”њв”Ђв”Ђ img019.JPG
в”‚В В  в”‚В В  в”њв”Ђв”Ђ img020.JPG
в”‚В В  в”‚В В  в”њв”Ђв”Ђ img021.JPG
в”‚В В  в”‚В В  в”њв”Ђв”Ђ img022.JPG
в”‚В В  в”‚В В  в”њв”Ђв”Ђ img023.JPG
в”‚В В  в”‚В В  в”њв”Ђв”Ђ img024.JPG
в”‚В В  в”‚В В  в”њв”Ђв”Ђ img025.JPG
в”‚В В  в”‚В В  в”њв”Ђв”Ђ img026.JPG
в”‚В В  в”‚В В  в”њв”Ђв”Ђ img027.JPG
в”‚В В  в”‚В В  в”њв”Ђв”Ђ img028.JPG
в”‚В В  в”‚В В  в”њв”Ђв”Ђ img029.JPG
в”‚В В  в”‚В В  в”њв”Ђв”Ђ img030.JPG
в”‚В В  в”‚В В  в”њв”Ђв”Ђ img031.JPG
в”‚В В  в”‚В В  в”њв”Ђв”Ђ img032.JPG
в”‚В В  в”‚В В  в”њв”Ђв”Ђ img033.JPG
в”‚В В  в”‚В В  в””в”Ђв”Ђ img034.JPG
в”‚В В  в””в”Ђв”Ђ sparse
в”‚В В      в””в”Ђв”Ђ 0
в”њв”Ђв”Ђ fortress
в”‚В В  в”њв”Ђв”Ђ BEST_SPARSE_MODEL.txt
в”‚В В  в”њв”Ђв”Ђ dense
в”‚В В  в”‚В В  в””в”Ђв”Ђ sparse
в”‚В В  в”њв”Ђв”Ђ images
в”‚В В  в”‚В В  в”њв”Ђв”Ђ img001.JPG
в”‚В В  в”‚В В  в”њв”Ђв”Ђ img002.JPG
в”‚В В  в”‚В В  в”њв”Ђв”Ђ img003.JPG
в”‚В В  в”‚В В  в”њв”Ђв”Ђ img004.JPG
в”‚В В  в”‚В В  в”њв”Ђв”Ђ img005.JPG
в”‚В В  в”‚В В  в”њв”Ђв”Ђ img006.JPG
в”‚В В  в”‚В В  в”њв”Ђв”Ђ img007.JPG
в”‚В В  в”‚В В  в”њв”Ђв”Ђ img008.JPG
в”‚В В  в”‚В В  в”њв”Ђв”Ђ img009.JPG
в”‚В В  в”‚В В  в”њв”Ђв”Ђ img010.JPG
в”‚В В  в”‚В В  в”њв”Ђв”Ђ img011.JPG
в”‚В В  в”‚В В  в”њв”Ђв”Ђ img012.JPG
в”‚В В  в”‚В В  в”њв”Ђв”Ђ img013.JPG
в”‚В В  в”‚В В  в”њв”Ђв”Ђ img014.JPG
в”‚В В  в”‚В В  в”њв”Ђв”Ђ img015.JPG
в”‚В В  в”‚В В  в”њв”Ђв”Ђ img016.JPG
в”‚В В  в”‚В В  в”њв”Ђв”Ђ img017.JPG
в”‚В В  в”‚В В  в”њв”Ђв”Ђ img018.JPG
в”‚В В  в”‚В В  в”њв”Ђв”Ђ img019.JPG
в”‚В В  в”‚В В  в”њв”Ђв”Ђ img020.JPG
в”‚В В  в”‚В В  в”њв”Ђв”Ђ img021.JPG
в”‚В В  в”‚В В  в”њв”Ђв”Ђ img022.JPG
в”‚В В  в”‚В В  в”њв”Ђв”Ђ img023.JPG
в”‚В В  в”‚В В  в”њв”Ђв”Ђ img024.JPG
в”‚В В  в”‚В В  в”њв”Ђв”Ђ img025.JPG
в”‚В В  в”‚В В  в”њв”Ђв”Ђ img026.JPG
в”‚В В  в”‚В В  в”њв”Ђв”Ђ img027.JPG
в”‚В В  в”‚В В  в”њв”Ђв”Ђ img028.JPG
в”‚В В  в”‚В В  в”њв”Ђв”Ђ img029.JPG
в”‚В В  в”‚В В  в”њв”Ђв”Ђ img030.JPG
в”‚В В  в”‚В В  в”њв”Ђв”Ђ img031.JPG
в”‚В В  в”‚В В  в”њв”Ђв”Ђ img032.JPG
в”‚В В  в”‚В В  в”њв”Ђв”Ђ img033.JPG
в”‚В В  в”‚В В  в”њв”Ђв”Ђ img034.JPG
в”‚В В  в”‚В В  в”њв”Ђв”Ђ img035.JPG
в”‚В В  в”‚В В  в”њв”Ђв”Ђ img036.JPG
в”‚В В  в”‚В В  в”њв”Ђв”Ђ img037.JPG
в”‚В В  в”‚В В  в”њв”Ђв”Ђ img038.JPG
в”‚В В  в”‚В В  в”њв”Ђв”Ђ img039.JPG
в”‚В В  в”‚В В  в”њв”Ђв”Ђ img040.JPG
в”‚В В  в”‚В В  в”њв”Ђв”Ђ img041.JPG
в”‚В В  в”‚В В  в””в”Ђв”Ђ img042.JPG
в”‚В В  в””в”Ђв”Ђ sparse
в”‚В В      в””в”Ђв”Ђ 0
в”њв”Ђв”Ђ horns
в”‚В В  в”њв”Ђв”Ђ BEST_SPARSE_MODEL.txt
в”‚В В  в”њв”Ђв”Ђ dense
в”‚В В  в”‚В В  в””в”Ђв”Ђ sparse
в”‚В В  в”њв”Ђв”Ђ images
в”‚В В  в”‚В В  в”њв”Ђв”Ђ img001.jpg
в”‚В В  в”‚В В  в”њв”Ђв”Ђ img002.jpg
в”‚В В  в”‚В В  в”њв”Ђв”Ђ img003.jpg
в”‚В В  в”‚В В  в”њв”Ђв”Ђ img004.jpg
в”‚В В  в”‚В В  в”њв”Ђв”Ђ img005.jpg
в”‚В В  в”‚В В  в”њв”Ђв”Ђ img006.jpg
в”‚В В  в”‚В В  в”њв”Ђв”Ђ img007.jpg
в”‚В В  в”‚В В  в”њв”Ђв”Ђ img008.jpg
в”‚В В  в”‚В В  в”њв”Ђв”Ђ img009.jpg
в”‚В В  в”‚В В  в”њв”Ђв”Ђ img010.jpg
в”‚В В  в”‚В В  в”њв”Ђв”Ђ img011.jpg
в”‚В В  в”‚В В  в”њв”Ђв”Ђ img012.jpg
в”‚В В  в”‚В В  в”њв”Ђв”Ђ img013.jpg
в”‚В В  в”‚В В  в”њв”Ђв”Ђ img014.jpg
в”‚В В  в”‚В В  в”њв”Ђв”Ђ img015.jpg
в”‚В В  в”‚В В  в”њв”Ђв”Ђ img016.jpg
в”‚В В  в”‚В В  в”њв”Ђв”Ђ img017.jpg
в”‚В В  в”‚В В  в”њв”Ђв”Ђ img018.jpg
в”‚В В  в”‚В В  в”њв”Ђв”Ђ img019.jpg
в”‚В В  в”‚В В  в”њв”Ђв”Ђ img020.jpg
в”‚В В  в”‚В В  в”њв”Ђв”Ђ img021.jpg
в”‚В В  в”‚В В  в”њв”Ђв”Ђ img022.jpg
в”‚В В  в”‚В В  в”њв”Ђв”Ђ img023.jpg
в”‚В В  в”‚В В  в”њв”Ђв”Ђ img024.jpg
в”‚В В  в”‚В В  в”њв”Ђв”Ђ img025.jpg
в”‚В В  в”‚В В  в”њв”Ђв”Ђ img026.jpg
в”‚В В  в”‚В В  в”њв”Ђв”Ђ img027.jpg
в”‚В В  в”‚В В  в”њв”Ђв”Ђ img028.jpg
в”‚В В  в”‚В В  в”њв”Ђв”Ђ img029.jpg
в”‚В В  в”‚В В  в”њв”Ђв”Ђ img030.jpg
в”‚В В  в”‚В В  в”њв”Ђв”Ђ img031.jpg
в”‚В В  в”‚В В  в”њв”Ђв”Ђ img032.jpg
в”‚В В  в”‚В В  в”њв”Ђв”Ђ img033.jpg
в”‚В В  в”‚В В  в”њв”Ђв”Ђ img034.jpg
в”‚В В  в”‚В В  в”њв”Ђв”Ђ img035.jpg
в”‚В В  в”‚В В  в”њв”Ђв”Ђ img036.jpg
в”‚В В  в”‚В В  в”њв”Ђв”Ђ img037.jpg
в”‚В В  в”‚В В  в”њв”Ђв”Ђ img038.jpg
в”‚В В  в”‚В В  в”њв”Ђв”Ђ img039.jpg
в”‚В В  в”‚В В  в”њв”Ђв”Ђ img040.jpg
в”‚В В  в”‚В В  в”њв”Ђв”Ђ img041.jpg
в”‚В В  в”‚В В  в”њв”Ђв”Ђ img042.jpg
в”‚В В  в”‚В В  в”њв”Ђв”Ђ img043.jpg
в”‚В В  в”‚В В  в”њв”Ђв”Ђ img044.jpg
в”‚В В  в”‚В В  в”њв”Ђв”Ђ img045.jpg
в”‚В В  в”‚В В  в”њв”Ђв”Ђ img046.jpg
в”‚В В  в”‚В В  в”њв”Ђв”Ђ img047.jpg
в”‚В В  в”‚В В  в”њв”Ђв”Ђ img048.jpg
в”‚В В  в”‚В В  в”њв”Ђв”Ђ img049.jpg
в”‚В В  в”‚В В  в”њв”Ђв”Ђ img050.jpg
в”‚В В  в”‚В В  в”њв”Ђв”Ђ img051.jpg
в”‚В В  в”‚В В  в”њв”Ђв”Ђ img052.jpg
в”‚В В  в”‚В В  в”њв”Ђв”Ђ img053.jpg
в”‚В В  в”‚В В  в”њв”Ђв”Ђ img054.jpg
в”‚В В  в”‚В В  в”њв”Ђв”Ђ img055.jpg
в”‚В В  в”‚В В  в”њв”Ђв”Ђ img056.jpg
в”‚В В  в”‚В В  в”њв”Ђв”Ђ img057.jpg
в”‚В В  в”‚В В  в”њв”Ђв”Ђ img058.jpg
в”‚В В  в”‚В В  в”њв”Ђв”Ђ img059.jpg
в”‚В В  в”‚В В  в”њв”Ђв”Ђ img060.jpg
в”‚В В  в”‚В В  в”њв”Ђв”Ђ img061.jpg
в”‚В В  в”‚В В  в””в”Ђв”Ђ img062.jpg
в”‚В В  в””в”Ђв”Ђ sparse
в”‚В В      в””в”Ђв”Ђ 0
в”њв”Ђв”Ђ Ollie
в”‚В В  в”њв”Ђв”Ђ BEST_SPARSE_MODEL.txt
в”‚В В  в”њв”Ђв”Ђ dense
в”‚В В  в”‚В В  в””в”Ђв”Ђ sparse
в”‚В В  в”њв”Ђв”Ђ images
в”‚В В  в”‚В В  в”њв”Ђв”Ђ img001.png
в”‚В В  в”‚В В  в”њв”Ђв”Ђ img002.png
в”‚В В  в”‚В В  в”њв”Ђв”Ђ img003.png
в”‚В В  в”‚В В  в”њв”Ђв”Ђ img004.png
в”‚В В  в”‚В В  в”њв”Ђв”Ђ img005.png
в”‚В В  в”‚В В  в”њв”Ђв”Ђ img006.png
в”‚В В  в”‚В В  в”њв”Ђв”Ђ img007.png
в”‚В В  в”‚В В  в”њв”Ђв”Ђ img008.png
в”‚В В  в”‚В В  в”њв”Ђв”Ђ img009.png
в”‚В В  в”‚В В  в”њв”Ђв”Ђ img010.png
в”‚В В  в”‚В В  в”њв”Ђв”Ђ img011.png
в”‚В В  в”‚В В  в”њв”Ђв”Ђ img012.png
в”‚В В  в”‚В В  в”њв”Ђв”Ђ img013.png
в”‚В В  в”‚В В  в”њв”Ђв”Ђ img014.png
в”‚В В  в”‚В В  в”њв”Ђв”Ђ img015.png
в”‚В В  в”‚В В  в”њв”Ђв”Ђ img016.png
в”‚В В  в”‚В В  в”њв”Ђв”Ђ img017.png
в”‚В В  в”‚В В  в”њв”Ђв”Ђ img018.png
в”‚В В  в”‚В В  в”њв”Ђв”Ђ img019.png
в”‚В В  в”‚В В  в”њв”Ђв”Ђ img020.png
в”‚В В  в”‚В В  в”њв”Ђв”Ђ img021.png
в”‚В В  в”‚В В  в”њв”Ђв”Ђ img022.png
в”‚В В  в”‚В В  в”њв”Ђв”Ђ img023.png
в”‚В В  в”‚В В  в”њв”Ђв”Ђ img024.png
в”‚В В  в”‚В В  в”њв”Ђв”Ђ img025.png
в”‚В В  в”‚В В  в”њв”Ђв”Ђ img026.png
в”‚В В  в”‚В В  в”њв”Ђв”Ђ img027.png
в”‚В В  в”‚В В  в”њв”Ђв”Ђ img028.png
в”‚В В  в”‚В В  в”њв”Ђв”Ђ img029.png
в”‚В В  в”‚В В  в”њв”Ђв”Ђ img030.png
в”‚В В  в”‚В В  в”њв”Ђв”Ђ img031.png
в”‚В В  в”‚В В  в”њв”Ђв”Ђ img032.png
в”‚В В  в”‚В В  в”њв”Ђв”Ђ img033.png
в”‚В В  в”‚В В  в”њв”Ђв”Ђ img034.png
в”‚В В  в”‚В В  в”њв”Ђв”Ђ img035.png
в”‚В В  в”‚В В  в”њв”Ђв”Ђ img036.png
в”‚В В  в”‚В В  в”њв”Ђв”Ђ img037.png
в”‚В В  в”‚В В  в”њв”Ђв”Ђ img038.png
в”‚В В  в”‚В В  в”њв”Ђв”Ђ img039.png
в”‚В В  в”‚В В  в””в”Ђв”Ђ img040.png
в”‚В В  в””в”Ђв”Ђ sparse
в”‚В В      в””в”Ђв”Ђ 0
в”њв”Ђв”Ђ room
в”‚В В  в”њв”Ђв”Ђ BEST_SPARSE_MODEL.txt
в”‚В В  в”њв”Ђв”Ђ dense
в”‚В В  в”‚В В  в””в”Ђв”Ђ sparse
в”‚В В  в”њв”Ђв”Ђ images
в”‚В В  в”‚В В  в”њв”Ђв”Ђ img001.JPG
в”‚В В  в”‚В В  в”њв”Ђв”Ђ img002.JPG
в”‚В В  в”‚В В  в”њв”Ђв”Ђ img003.JPG
в”‚В В  в”‚В В  в”њв”Ђв”Ђ img004.JPG
в”‚В В  в”‚В В  в”њв”Ђв”Ђ img005.JPG
в”‚В В  в”‚В В  в”њв”Ђв”Ђ img006.JPG
в”‚В В  в”‚В В  в”њв”Ђв”Ђ img007.JPG
в”‚В В  в”‚В В  в”њв”Ђв”Ђ img008.JPG
в”‚В В  в”‚В В  в”њв”Ђв”Ђ img009.JPG
в”‚В В  в”‚В В  в”њв”Ђв”Ђ img010.JPG
в”‚В В  в”‚В В  в”њв”Ђв”Ђ img011.JPG
в”‚В В  в”‚В В  в”њв”Ђв”Ђ img012.JPG
в”‚В В  в”‚В В  в”њв”Ђв”Ђ img013.JPG
в”‚В В  в”‚В В  в”њв”Ђв”Ђ img014.JPG
в”‚В В  в”‚В В  в”њв”Ђв”Ђ img015.JPG
в”‚В В  в”‚В В  в”њв”Ђв”Ђ img016.JPG
в”‚В В  в”‚В В  в”њв”Ђв”Ђ img017.JPG
в”‚В В  в”‚В В  в”њв”Ђв”Ђ img018.JPG
в”‚В В  в”‚В В  в”њв”Ђв”Ђ img019.JPG
в”‚В В  в”‚В В  в”њв”Ђв”Ђ img020.JPG
в”‚В В  в”‚В В  в”њв”Ђв”Ђ img021.JPG
в”‚В В  в”‚В В  в”њв”Ђв”Ђ img022.JPG
в”‚В В  в”‚В В  в”њв”Ђв”Ђ img023.JPG
в”‚В В  в”‚В В  в”њв”Ђв”Ђ img024.JPG
в”‚В В  в”‚В В  в”њв”Ђв”Ђ img025.JPG
в”‚В В  в”‚В В  в”њв”Ђв”Ђ img026.JPG
в”‚В В  в”‚В В  в”њв”Ђв”Ђ img027.JPG
в”‚В В  в”‚В В  в”њв”Ђв”Ђ img028.JPG
в”‚В В  в”‚В В  в”њв”Ђв”Ђ img029.JPG
в”‚В В  в”‚В В  в”њв”Ђв”Ђ img030.JPG
в”‚В В  в”‚В В  в”њв”Ђв”Ђ img031.JPG
в”‚В В  в”‚В В  в”њв”Ђв”Ђ img032.JPG
в”‚В В  в”‚В В  в”њв”Ђв”Ђ img033.JPG
в”‚В В  в”‚В В  в”њв”Ђв”Ђ img034.JPG
в”‚В В  в”‚В В  в”њв”Ђв”Ђ img035.JPG
в”‚В В  в”‚В В  в”њв”Ђв”Ђ img036.JPG
в”‚В В  в”‚В В  в”њв”Ђв”Ђ img037.JPG
в”‚В В  в”‚В В  в”њв”Ђв”Ђ img038.JPG
в”‚В В  в”‚В В  в”њв”Ђв”Ђ img039.JPG
в”‚В В  в”‚В В  в”њв”Ђв”Ђ img040.JPG
в”‚В В  в”‚В В  в””в”Ђв”Ђ img041.JPG
в”‚В В  в””в”Ђв”Ђ sparse
в”‚В В      в””в”Ђв”Ђ 0
в””в”Ђв”Ђ trex
    в”њв”Ђв”Ђ BEST_SPARSE_MODEL.txt
    в”њв”Ђв”Ђ dense
    в”‚В В  в””в”Ђв”Ђ sparse
    в”њв”Ђв”Ђ images
    в”‚В В  в”њв”Ђв”Ђ img001.jpg
    в”‚В В  в”њв”Ђв”Ђ img002.jpg
    в”‚В В  в”њв”Ђв”Ђ img003.jpg
    в”‚В В  в”њв”Ђв”Ђ img004.jpg
    в”‚В В  в”њв”Ђв”Ђ img005.jpg
    в”‚В В  в”њв”Ђв”Ђ img006.jpg
    в”‚В В  в”њв”Ђв”Ђ img007.jpg
    в”‚В В  в”њв”Ђв”Ђ img008.jpg
    в”‚В В  в”њв”Ђв”Ђ img009.jpg
    в”‚В В  в”њв”Ђв”Ђ img010.jpg
    в”‚В В  в”њв”Ђв”Ђ img011.jpg
    в”‚В В  в”њв”Ђв”Ђ img012.jpg
    в”‚В В  в”њв”Ђв”Ђ img013.jpg
    в”‚В В  в”њв”Ђв”Ђ img014.jpg
    в”‚В В  в”њв”Ђв”Ђ img015.jpg
    в”‚В В  в”њв”Ђв”Ђ img016.jpg
    в”‚В В  в”њв”Ђв”Ђ img017.jpg
    в”‚В В  в”њв”Ђв”Ђ img018.jpg
    в”‚В В  в”њв”Ђв”Ђ img019.jpg
    в”‚В В  в”њв”Ђв”Ђ img020.jpg
    в”‚В В  в”њв”Ђв”Ђ img021.jpg
    в”‚В В  в”њв”Ђв”Ђ img022.jpg
    в”‚В В  в”њв”Ђв”Ђ img023.jpg
    в”‚В В  в”њв”Ђв”Ђ img024.jpg
    в”‚В В  в”њв”Ђв”Ђ img025.jpg
    в”‚В В  в”њв”Ђв”Ђ img026.jpg
    в”‚В В  в”њв”Ђв”Ђ img027.jpg
    в”‚В В  в”њв”Ђв”Ђ img028.jpg
    в”‚В В  в”њв”Ђв”Ђ img029.jpg
    в”‚В В  в”њв”Ђв”Ђ img030.jpg
    в”‚В В  в”њв”Ђв”Ђ img031.jpg
    в”‚В В  в”њв”Ђв”Ђ img032.jpg
    в”‚В В  в”њв”Ђв”Ђ img033.jpg
    в”‚В В  в”њв”Ђв”Ђ img034.jpg
    в”‚В В  в”њв”Ђв”Ђ img035.jpg
    в”‚В В  в”њв”Ђв”Ђ img036.jpg
    в”‚В В  в”њв”Ђв”Ђ img037.jpg
    в”‚В В  в”њв”Ђв”Ђ img038.jpg
    в”‚В В  в”њв”Ђв”Ђ img039.jpg
    в”‚В В  в”њв”Ђв”Ђ img040.jpg
    в”‚В В  в”њв”Ђв”Ђ img041.jpg
    в”‚В В  в”њв”Ђв”Ђ img042.jpg
    в”‚В В  в”њв”Ђв”Ђ img043.jpg
    в”‚В В  в”њв”Ђв”Ђ img044.jpg
    в”‚В В  в”њв”Ђв”Ђ img045.jpg
    в”‚В В  в”њв”Ђв”Ђ img046.jpg
    в”‚В В  в”њв”Ђв”Ђ img047.jpg
    в”‚В В  в”њв”Ђв”Ђ img048.jpg
    в”‚В В  в”њв”Ђв”Ђ img049.jpg
    в”‚В В  в”њв”Ђв”Ђ img050.jpg
    в”‚В В  в”њв”Ђв”Ђ img051.jpg
    в”‚В В  в”њв”Ђв”Ђ img052.jpg
    в”‚В В  в”њв”Ђв”Ђ img053.jpg
    в”‚В В  в”њв”Ђв”Ђ img054.jpg
    в”‚В В  в””в”Ђв”Ђ img055.jpg
    в””в”Ђв”Ђ sparse
        в””в”Ђв”Ђ 0

42 directories, 311 files

6) BACKUP CREATED:
/home/vivekfei/EXP/NeX/dataset_BACKUP_BEFORE_FIXED_COLMAP_20260705_141112

SUCCESS: fixed COLMAP dataset installed into /home/vivekfei/EXP/NeX/dataset
